[2022-07-09 16:22:50] [[31merror[39m] Error: test winston
    at /home/haiphu/WebstormProjects/Module_4_Express_Nodejs/Handling&Logging_Error/ThucHanh/Use_Winston_in_ExpressJS/dist/index.js:15:15
    at Layer.handle [as handle_request] (/home/haiphu/WebstormProjects/Module_4_Express_Nodejs/Handling&Logging_Error/ThucHanh/Use_Winston_in_ExpressJS/node_modules/express/lib/router/layer.js:95:5)
    at next (/home/haiphu/WebstormProjects/Module_4_Express_Nodejs/Handling&Logging_Error/ThucHanh/Use_Winston_in_ExpressJS/node_modules/express/lib/router/route.js:144:13)
    at Route.dispatch (/home/haiphu/WebstormProjects/Module_4_Express_Nodejs/Handling&Logging_Error/ThucHanh/Use_Winston_in_ExpressJS/node_modules/express/lib/router/route.js:114:3)
    at Layer.handle [as handle_request] (/home/haiphu/WebstormProjects/Module_4_Express_Nodejs/Handling&Logging_Error/ThucHanh/Use_Winston_in_ExpressJS/node_modules/express/lib/router/layer.js:95:5)
    at /home/haiphu/WebstormProjects/Module_4_Express_Nodejs/Handling&Logging_Error/ThucHanh/Use_Winston_in_ExpressJS/node_modules/express/lib/router/index.js:284:15
    at Function.process_params (/home/haiphu/WebstormProjects/Module_4_Express_Nodejs/Handling&Logging_Error/ThucHanh/Use_Winston_in_ExpressJS/node_modules/express/lib/router/index.js:346:12)
    at next (/home/haiphu/WebstormProjects/Module_4_Express_Nodejs/Handling&Logging_Error/ThucHanh/Use_Winston_in_ExpressJS/node_modules/express/lib/router/index.js:280:10)
    at jsonParser (/home/haiphu/WebstormProjects/Module_4_Express_Nodejs/Handling&Logging_Error/ThucHanh/Use_Winston_in_ExpressJS/node_modules/body-parser/lib/types/json.js:110:7)
    at Layer.handle [as handle_request] (/home/haiphu/WebstormProjects/Module_4_Express_Nodejs/Handling&Logging_Error/ThucHanh/Use_Winston_in_ExpressJS/node_modules/express/lib/router/layer.js:95:5)
[2022-07-09 17:45:35] [[31merror[39m] Error: test winston
    at /home/haiphu/WebstormProjects/Module_4_Express_Nodejs/Handling&Logging_Error/ThucHanh/P1_P2_Winston_in_ExpressJS_/dist/index.js:15:15
    at Layer.handle [as handle_request] (/home/haiphu/WebstormProjects/Module_4_Express_Nodejs/Handling&Logging_Error/ThucHanh/P1_P2_Winston_in_ExpressJS_/node_modules/express/lib/router/layer.js:95:5)
    at next (/home/haiphu/WebstormProjects/Module_4_Express_Nodejs/Handling&Logging_Error/ThucHanh/P1_P2_Winston_in_ExpressJS_/node_modules/express/lib/router/route.js:144:13)
    at Route.dispatch (/home/haiphu/WebstormProjects/Module_4_Express_Nodejs/Handling&Logging_Error/ThucHanh/P1_P2_Winston_in_ExpressJS_/node_modules/express/lib/router/route.js:114:3)
    at Layer.handle [as handle_request] (/home/haiphu/WebstormProjects/Module_4_Express_Nodejs/Handling&Logging_Error/ThucHanh/P1_P2_Winston_in_ExpressJS_/node_modules/express/lib/router/layer.js:95:5)
    at /home/haiphu/WebstormProjects/Module_4_Express_Nodejs/Handling&Logging_Error/ThucHanh/P1_P2_Winston_in_ExpressJS_/node_modules/express/lib/router/index.js:284:15
    at Function.process_params (/home/haiphu/WebstormProjects/Module_4_Express_Nodejs/Handling&Logging_Error/ThucHanh/P1_P2_Winston_in_ExpressJS_/node_modules/express/lib/router/index.js:346:12)
    at next (/home/haiphu/WebstormProjects/Module_4_Express_Nodejs/Handling&Logging_Error/ThucHanh/P1_P2_Winston_in_ExpressJS_/node_modules/express/lib/router/index.js:280:10)
    at jsonParser (/home/haiphu/WebstormProjects/Module_4_Express_Nodejs/Handling&Logging_Error/ThucHanh/P1_P2_Winston_in_ExpressJS_/node_modules/body-parser/lib/types/json.js:110:7)
    at Layer.handle [as handle_request] (/home/haiphu/WebstormProjects/Module_4_Express_Nodejs/Handling&Logging_Error/ThucHanh/P1_P2_Winston_in_ExpressJS_/node_modules/express/lib/router/layer.js:95:5)
